<?xml version="1.0" encoding="UTF-8"?>
<testng-results ignored="0" total="1" passed="1" failed="0" skipped="0">
  <reporter-output>
  </reporter-output>
  <suite started-at="2021-11-09T06:20:52Z" name="Default suite" finished-at="2021-11-09T06:20:52Z" duration-ms="61">
    <groups>
    </groups>
    <test started-at="2021-11-09T06:20:52Z" name="Default test" finished-at="2021-11-09T06:20:52Z" duration-ms="61">
      <class name="Demo_TestNG.Demo_TestNg.annotations">
        <test-method is-config="true" signature="m1()[pri:0, instance:Demo_TestNG.Demo_TestNg.annotations@7d3d101b]" started-at="2021-11-09T06:20:52Z" name="m1" finished-at="2021-11-09T06:20:52Z" duration-ms="17" status="PASS">
          <reporter-output>
          </reporter-output>
        </test-method> <!-- m1 -->
        <test-method is-config="true" signature="m7()[pri:0, instance:Demo_TestNG.Demo_TestNg.annotations@7d3d101b]" started-at="2021-11-09T06:20:52Z" name="m7" finished-at="2021-11-09T06:20:52Z" duration-ms="1" status="PASS">
          <reporter-output>
          </reporter-output>
        </test-method> <!-- m7 -->
        <test-method is-config="true" signature="m3()[pri:0, instance:Demo_TestNG.Demo_TestNg.annotations@7d3d101b]" started-at="2021-11-09T06:20:52Z" name="m3" finished-at="2021-11-09T06:20:52Z" duration-ms="1" status="PASS">
          <reporter-output>
          </reporter-output>
        </test-method> <!-- m3 -->
        <test-method is-config="true" signature="m9()[pri:0, instance:Demo_TestNG.Demo_TestNg.annotations@7d3d101b]" started-at="2021-11-09T06:20:52Z" name="m9" finished-at="2021-11-09T06:20:52Z" duration-ms="1" status="PASS">
          <reporter-output>
          </reporter-output>
        </test-method> <!-- m9 -->
        <test-method signature="m11()[pri:0, instance:Demo_TestNG.Demo_TestNg.annotations@7d3d101b]" started-at="2021-11-09T06:20:52Z" name="m11" finished-at="2021-11-09T06:20:52Z" duration-ms="5" status="PASS">
          <reporter-output>
          </reporter-output>
        </test-method> <!-- m11 -->
        <test-method is-config="true" signature="m10()[pri:0, instance:Demo_TestNG.Demo_TestNg.annotations@7d3d101b]" started-at="2021-11-09T06:20:52Z" name="m10" finished-at="2021-11-09T06:20:52Z" duration-ms="1" status="PASS">
          <reporter-output>
          </reporter-output>
        </test-method> <!-- m10 -->
        <test-method is-config="true" signature="m4()[pri:0, instance:Demo_TestNG.Demo_TestNg.annotations@7d3d101b]" started-at="2021-11-09T06:20:52Z" name="m4" finished-at="2021-11-09T06:20:52Z" duration-ms="0" status="PASS">
          <reporter-output>
          </reporter-output>
        </test-method> <!-- m4 -->
        <test-method is-config="true" signature="m8()[pri:0, instance:Demo_TestNG.Demo_TestNg.annotations@7d3d101b]" started-at="2021-11-09T06:20:52Z" name="m8" finished-at="2021-11-09T06:20:52Z" duration-ms="0" status="PASS">
          <reporter-output>
          </reporter-output>
        </test-method> <!-- m8 -->
        <test-method is-config="true" signature="m2()[pri:0, instance:Demo_TestNG.Demo_TestNg.annotations@7d3d101b]" started-at="2021-11-09T06:20:53Z" name="m2" finished-at="2021-11-09T06:20:53Z" duration-ms="1" status="PASS">
          <reporter-output>
          </reporter-output>
        </test-method> <!-- m2 -->
      </class> <!-- Demo_TestNG.Demo_TestNg.annotations -->
    </test> <!-- Default test -->
  </suite> <!-- Default suite -->
</testng-results>
